[19:49:30] [main/INFO]: Loading Minecraft 1.21.11 with Fabric Loader 0.19.3
[19:49:32] [main/WARN]: Warnings were found!
 - Mod 'Spawn Animations' (spawnanimations) 1.11.5+mod recommends any version of mr_spawn_animationscompats, which is missing!
	 - You should install any version of mr_spawn_animationscompats for the optimal experience.
[19:49:32] [main/INFO]: Loading 169 mods:
	- appleskin 3.0.8+mc1.21.11
	- architectury 19.0.1
	- balm 21.11.9.1
	   \-- kuma_api 21.11.12
	- bettercombat 3.1.0
	   \-- tiny_config 3.1.0
	- biomesoplenty 21.11.0.32
	   \-- net_jodah_typetools 0.6.3
	- biomeswevegone 4.4.0
	- carryon 2.9.0
	- cicada 0.14.3+1.21.9-1.21.10
	   \-- org_yaml_snakeyaml 2.2
	- cloth-config 21.11.153
	   \-- cloth-basic-math 0.6.1
	- clumps 29.0.0.1
	- collective 8.32
	- comforts 14.0.2+1.21.11
	   |-- cardinal-components-base 7.3.0
	   |-- cardinal-components-entity 7.3.0
	   \-- spectrelib 0.20.2+1.21.11
	        |-- com_electronwill_night-config_core 3.8.3
	        \-- com_electronwill_night-config_toml 3.8.3
	- corgilib 9.0.0.0
	   |-- com_electronwill_night-config_core 3.8.3
	   \-- com_electronwill_night-config_toml 3.8.3
	- creativecore 2.14.11
	   \-- net_neoforged_bus 7.2.0
	- custompaintings 3.2.2
	- dynamiclights 1.9.3+mod
	- emotecraft 3.2.0-b.build.159
	   |-- net_raphimc_noteblocklib 3.2.1
	   \-- translationfallbacks 1.1.0+mc1.21.8
	- enhancedvisuals 1.8.27
	- entityculling 1.10.5
	   |-- transition 1.0.21
	   \-- trender 1.0.15
	- fabric-api 0.141.4+1.21.11
	   |-- fabric-api-base 1.0.5+4ebb5c083e
	   |-- fabric-api-lookup-api-v1 1.6.114+20dc27073e
	   |-- fabric-biome-api-v1 17.1.1+4fc5413f3e
	   |-- fabric-block-api-v1 1.1.10+4ebb5c083e
	   |-- fabric-block-view-api-v2 1.0.39+4ebb5c083e
	   |-- fabric-command-api-v2 2.4.7+6b42a6003e
	   |-- fabric-content-registries-v0 10.2.14+4fc5413f3e
	   |-- fabric-convention-tags-v1 2.1.55+7f945d5b3e
	   |-- fabric-convention-tags-v2 2.17.3+8ef948ba3e
	   |-- fabric-crash-report-info-v1 0.3.23+4ebb5c083e
	   |-- fabric-data-attachment-api-v1 1.8.48+eed0806f3e
	   |-- fabric-data-generation-api-v1 23.4.1+69974c4e3e
	   |-- fabric-dimensions-v1 4.0.28+4fc5413f3e
	   |-- fabric-entity-events-v1 3.1.1+1d0ab4303e
	   |-- fabric-events-interaction-v0 4.1.1+3b89ecf63e
	   |-- fabric-game-rule-api-v1 2.0.3+4fc5413f3e
	   |-- fabric-item-api-v1 11.5.20+d0c46b9e3e
	   |-- fabric-item-group-api-v1 4.2.36+4fc5413f3e
	   |-- fabric-key-binding-api-v1 1.1.7+4fc5413f3e
	   |-- fabric-lifecycle-events-v1 2.6.15+4ebb5c083e
	   |-- fabric-loot-api-v2 3.0.73+3f89f5a53e
	   |-- fabric-loot-api-v3 2.0.20+78c8b4663e
	   |-- fabric-message-api-v1 6.1.12+4ebb5c083e
	   |-- fabric-model-loading-api-v1 6.0.15+4fc5413f3e
	   |-- fabric-networking-api-v1 5.1.6+6b6d71a53e
	   |-- fabric-object-builder-api-v1 21.1.40+4fc5413f3e
	   |-- fabric-particles-v1 4.2.12+4fc5413f3e
	   |-- fabric-recipe-api-v1 8.2.4+4ebb5c083e
	   |-- fabric-registry-sync-v0 6.2.6+1718722b3e
	   |-- fabric-renderer-api-v1 8.0.3+f4ffd2e53e
	   |-- fabric-renderer-indigo 5.0.3+f4ffd2e53e
	   |-- fabric-rendering-fluids-v1 3.1.43+4ebb5c083e
	   |-- fabric-rendering-v1 16.2.10+0290ad933e
	   |-- fabric-resource-conditions-api-v1 5.0.35+4fc5413f3e
	   |-- fabric-resource-loader-v0 3.3.4+4fc5413f3e
	   |-- fabric-resource-loader-v1 1.0.10+78c8b4663e
	   |-- fabric-screen-api-v1 3.1.7+4ebb5c083e
	   |-- fabric-screen-handler-api-v1 1.3.162+4fc5413f3e
	   |-- fabric-serialization-api-v1 1.0.5+4ebb5c083e
	   |-- fabric-sound-api-v1 1.0.51+4fc5413f3e
	   |-- fabric-tag-api-v1 1.2.20+4fc5413f3e
	   |-- fabric-transfer-api-v1 6.0.25+4fc5413f3e
	   \-- fabric-transitive-access-wideners-v1 7.1.0+014c8cec3e
	- fabric-language-kotlin 1.13.13+kotlin.2.4.10
	   |-- org_jetbrains_kotlin_kotlin-reflect 2.4.10
	   |-- org_jetbrains_kotlin_kotlin-stdlib 2.4.10
	   |-- org_jetbrains_kotlin_kotlin-stdlib-jdk7 2.4.10
	   |-- org_jetbrains_kotlin_kotlin-stdlib-jdk8 2.4.10
	   |-- org_jetbrains_kotlinx_atomicfu-jvm 0.33.0
	   |-- org_jetbrains_kotlinx_kotlinx-coroutines-core-jvm 1.11.0
	   |-- org_jetbrains_kotlinx_kotlinx-coroutines-jdk8 1.11.0
	   |-- org_jetbrains_kotlinx_kotlinx-datetime-jvm 0.8.0
	   |-- org_jetbrains_kotlinx_kotlinx-io-bytestring-jvm 0.9.1
	   |-- org_jetbrains_kotlinx_kotlinx-io-core-jvm 0.9.1
	   |-- org_jetbrains_kotlinx_kotlinx-serialization-cbor-jvm 1.11.0
	   |-- org_jetbrains_kotlinx_kotlinx-serialization-core-jvm 1.11.0
	   \-- org_jetbrains_kotlinx_kotlinx-serialization-json-jvm 1.11.0
	- fabricloader 0.19.3
	   \-- mixinextras 0.5.4
	- fallingtree 1.21.11.3
	- ferritecore 8.2.0
	- forgeconfigapiport 21.11.1
	   |-- com_electronwill_night-config_core 3.8.3
	   \-- com_electronwill_night-config_toml 3.8.3
	- formations 1.0.4
	- formationsnether 1.0.5
	- formationsoverworld 1.0.5
	- fusion 1.3.5
	- geckolib 5.4.5
	- geophilic 3.6
	- glitchcore 21.11.0.4
	   \-- net_jodah_typetools 0.6.3
	- guardvillagers 2.1.2-1.21.11
	   \-- midnightlib 1.9.2
	- iceberg 1.4.0.1
	- incendium 5.4.12
	- java 21
	- jei 27.17.0.50
	- lithium 0.21.4+mc1.21.11
	- mcwbridges 3.1.2
	- mcwdoors 1.1.5
	- mcwfences 1.2.1
	- mcwfurnitures 3.4.2
	- mcwpaintings 1.1.0
	- mcwroofs 2.3.2
	- mcwstairs 1.0.2
	- mcwwindows 2.4.2
	- minecraft 1.21.11
	- mr_dungeons_andtaverns 1-v5.1.0
	- mr_true_ending 1-v1.1.4d
	- netherchested 21.11.0
	   \-- limitlesscontainers 21.11.0
	- netherportalfix 21.11.2
	- notenoughanimations 1.12.4
	   |-- transition 1.0.21
	   \-- trender 1.0.15
	- nullscape 1.2.16
	- ohthetreesyoullgrow 9.0.0
	- owo 0.13.0+1.21.11
	   |-- blue_endless_jankson 1.2.2
	   |-- com_github_kdl-org_kdl4j 1.0.1
	   |-- io_wispforest_endec 0.1.12
	   |-- io_wispforest_endec_gson 0.1.7
	   |-- io_wispforest_endec_jankson 0.1.7
	   \-- io_wispforest_endec_netty 0.1.6
	- pianocraft 0.3+1.21.11
	- pingwheel 1.12.1
	- placeholder-api 2.8.2+1.21.10
	- player_animation_library 1.1.7+mc.1.21.11
	   |-- com_zigythebird_mochafloats 4.1.5
	   \-- org_javassist_javassist 3.30.2-GA
	- prickle 21.11.1
	- puzzleslib 21.11.13
	- quickskin 2.6.2.5
	- showmeyourskin 2.0.2+1.21.11
	   |-- cardinal-components-base 7.3.0
	   \-- cardinal-components-entity 7.3.0
	- sit 29
	- skinlayers3d 1.11.2
	   |-- transition 1.0.21
	   \-- trender 1.0.15
	- skinrestorer 2.9.0+1.21.11-fabric
	   \-- org_mineskin_java-client 3.2.1-SNAPSHOT
	- skinsrestorer 15.11.0
	   |-- cloud 2.0.0-beta.15
	   |    |-- io_leangen_geantyref_geantyref 1.3.15
	   |    |-- org_incendo_cloud-brigadier 2.0.0-beta.14
	   |    |-- org_incendo_cloud-core 2.0.0
	   |    |-- org_incendo_cloud-minecraft-modded-common-fabric-repack 2.0.0-beta.15
	   |    \-- org_incendo_cloud-services 2.0.0
	   \-- fabric-permissions-api-v0 0.6.1
	- sound_physics_remastered 1.21.11-1.5.1
	- spawnanimations 1.11.5+mod
	- terrablender 21.11.0.0
	- trashslot 21.11.4
	- travelersbackpack 10.11.9
	- visualworkbench 21.11.1
	- waystones 21.11.9
	- weaponmaster_ydm 4.4.3
	- xaerominimap 26.3.0
	   \-- xaerolib 1.6.1
	- xaeroworldmap 1.43.0
	   \-- xaerolib 1.6.1
	- yet_another_config_lib_v3 3.8.2+1.21.11-fabric
	   |-- com_twelvemonkeys_common_common-image 3.12.0
	   |-- com_twelvemonkeys_common_common-io 3.12.0
	   |-- com_twelvemonkeys_common_common-lang 3.12.0
	   |-- com_twelvemonkeys_imageio_imageio-core 3.12.0
	   |-- com_twelvemonkeys_imageio_imageio-metadata 3.12.0
	   |-- com_twelvemonkeys_imageio_imageio-webp 3.12.0
	   |-- org_quiltmc_parsers_gson 0.2.1
	   \-- org_quiltmc_parsers_json 0.2.1
[19:49:33] [main/INFO]: SpongePowered MIXIN Subsystem Version=0.8.7 Source=file:/workspaces/PurgatorioInsanoMC/servidor_minecraft/libraries/net/fabricmc/sponge-mixin/0.17.3+mixin.0.8.7/sponge-mixin-0.17.3+mixin.0.8.7.jar Service=Knot/Fabric Env=SERVER
[19:49:33] [main/INFO]: Compatibility level set to JAVA_21
[19:49:33] [main/WARN]: Reference map 'balm.refmap.json' for balm.mixins.json could not be read. If this is a development environment you can ignore this message
[19:49:33] [main/WARN]: Reference map 'balm.refmap.json' for balm.api.mixins.json could not be read. If this is a development environment you can ignore this message
[19:49:33] [main/WARN]: Reference map 'balm.refmap.json' for balm.fabric.mixins.json could not be read. If this is a development environment you can ignore this message
[19:49:33] [main/WARN]: Reference map 'biomesoplenty.refmap.json' for biomesoplenty.mixins.json could not be read. If this is a development environment you can ignore this message
[19:49:33] [main/WARN]: Reference map 'biomesoplenty.refmap.json' for biomesoplenty.fabric.mixins.json could not be read. If this is a development environment you can ignore this message
[19:49:33] [main/WARN]: Reference map 'carryon.refmap.json' for carryon.mixins.json could not be read. If this is a development environment you can ignore this message
[19:49:33] [main/WARN]: Reference map 'clumps.refmap.json' for clumps.mixins.json could not be read. If this is a development environment you can ignore this message
[19:49:33] [main/WARN]: Reference map 'comforts.refmap.json' for comforts.mixins.json could not be read. If this is a development environment you can ignore this message
[19:49:33] [main/WARN]: Reference map 'creativecore.mixins.refmap.json' for creativecore.mixins.json could not be read. If this is a development environment you can ignore this message
[19:49:33] [main/WARN]: Reference map 'creativecore.mixins.refmap.json' for creativecore.fabric.mixins.json could not be read. If this is a development environment you can ignore this message
[19:49:33] [main/WARN]: Reference map 'custompaintings-refmap.json' for custompaintings.mixins.json could not be read. If this is a development environment you can ignore this message
[19:49:33] [main/WARN]: Reference map 'custompaintings-refmap.json' for custompaintings.roundalib.mixins.json could not be read. If this is a development environment you can ignore this message
[19:49:33] [main/WARN]: Reference map 'enhancedvisuals.mixin.refmap.json' for enhancedvisuals.mixins.json could not be read. If this is a development environment you can ignore this message
[19:49:33] [main/WARN]: Reference map 'formations.mixins.refmap.json' for formations.mixins.json could not be read. If this is a development environment you can ignore this message
[19:49:33] [main/WARN]: Reference map 'formationsnether.mixins.refmap.json' for formationsnether.mixins.json could not be read. If this is a development environment you can ignore this message
[19:49:33] [main/WARN]: Reference map 'formationsoverworld.mixins.refmap.json' for formationsoverworld.mixins.json could not be read. If this is a development environment you can ignore this message
[19:49:33] [main/WARN]: Reference map 'geckolib.refmap.json' for geckolib.mixins.json could not be read. If this is a development environment you can ignore this message
[19:49:33] [main/WARN]: Reference map 'glitchcore.refmap.json' for glitchcore.mixins.json could not be read. If this is a development environment you can ignore this message
[19:49:33] [main/WARN]: Reference map 'glitchcore.refmap.json' for glitchcore.fabric.mixins.json could not be read. If this is a development environment you can ignore this message
[19:49:33] [main/WARN]: Reference map 'kuma_api.refmap.json' for kuma_api.mixins.json could not be read. If this is a development environment you can ignore this message
[19:49:33] [main/WARN]: Reference map 'kuma_api.refmap.json' for kuma_api.fabric.mixins.json could not be read. If this is a development environment you can ignore this message
[19:49:33] [main/INFO]: Loaded configuration file for Lithium: 171 options available, 0 override(s) found.
[19:49:33] [main/WARN]: Reference map 'netherportalfix.refmap.json' for netherportalfix.mixins.json could not be read. If this is a development environment you can ignore this message
[19:49:33] [main/WARN]: Reference map 'netherportalfix.refmap.json' for netherportalfix.fabric.mixins.json could not be read. If this is a development environment you can ignore this message
[19:49:33] [main/WARN]: Reference map 'Ping-Wheel-refmap.json' for pingwheel.mixins.json could not be read. If this is a development environment you can ignore this message
[19:49:33] [main/WARN]: Reference map 'prickle.refmap.json' for prickle.mixins.json could not be read. If this is a development environment you can ignore this message
[19:49:33] [main/WARN]: Reference map 'prickle.refmap.json' for prickle.fabric.mixins.json could not be read. If this is a development environment you can ignore this message
[19:49:33] [main/WARN]: Reference map 'skinrestorer.refmap.json' for skinrestorer.mixins.json could not be read. If this is a development environment you can ignore this message
[19:49:33] [main/WARN]: Reference map 'skinrestorer.refmap.json' for skinrestorer.fabric.mixins.json could not be read. If this is a development environment you can ignore this message
[19:49:33] [main/WARN]: Reference map 'TerraBlender-fabric-refmap.json' for terrablender.mixins.json could not be read. If this is a development environment you can ignore this message
[19:49:33] [main/WARN]: Reference map 'tiny_config-common-common-refmap.json' for tiny_config.mixins.json could not be read. If this is a development environment you can ignore this message
[19:49:33] [main/WARN]: Reference map 'trashslot.refmap.json' for trashslot.mixins.json could not be read. If this is a development environment you can ignore this message
[19:49:33] [main/WARN]: Reference map 'trashslot.refmap.json' for trashslot.fabric.mixins.json could not be read. If this is a development environment you can ignore this message
[19:49:34] [main/WARN]: Reference map 'waystones.refmap.json' for waystones.mixins.json could not be read. If this is a development environment you can ignore this message
[19:49:34] [main/WARN]: Reference map 'waystones.refmap.json' for waystones.fabric.mixins.json could not be read. If this is a development environment you can ignore this message
[19:49:34] [main/WARN]: Reference map 'xaerolib.refmap.json' for xaerolib.mixins.json could not be read. If this is a development environment you can ignore this message
[19:49:34] [main/WARN]: Reference map 'xaerominimap.refmap.json' for xaerohud.mixins.json could not be read. If this is a development environment you can ignore this message
[19:49:34] [main/WARN]: Reference map 'xaerominimap.refmap.json' for xaerohud.fabric.mixins.json could not be read. If this is a development environment you can ignore this message
[19:49:34] [main/WARN]: Reference map 'xaerominimap.refmap.json' for xaerominimap.mixins.json could not be read. If this is a development environment you can ignore this message
[19:49:34] [main/WARN]: Reference map 'xaeroworldmap.refmap.json' for xaeroworldmap.mixins.json could not be read. If this is a development environment you can ignore this message
[19:49:34] [main/WARN]: Reference map 'yet_another_config_lib_v3.refmap.json' for yacl.mixins.json could not be read. If this is a development environment you can ignore this message
[19:49:34] [main/WARN]: Reference map 'yet_another_config_lib_v3.refmap.json' for yacl-fabric.mixins.json could not be read. If this is a development environment you can ignore this message
[19:49:34] [main/WARN]: Error loading class: net/minecraft/class_757 (java.lang.ClassNotFoundException: net/minecraft/class_757)
[19:49:34] [main/WARN]: @Mixin target net.minecraft.class_757 was not found creativecore.fabric.mixins.json:GameRendererMixin from mod creativecore
[19:49:35] [main/WARN]: Error loading class: de/siphalor/amecs/key_modifiers/impl/AmecsKeyModifiersEarlyInit (java.lang.ClassNotFoundException: de/siphalor/amecs/key_modifiers/impl/AmecsKeyModifiersEarlyInit)
[19:49:35] [main/WARN]: @Mixin target de.siphalor.amecs.key_modifiers.impl.AmecsKeyModifiersEarlyInit was not found jei.mixins.json:AmecsKeyModifiersEarlyInitMixin from mod jei
[19:49:35] [main/WARN]: Error loading class: net/minecraft/class_12225$class_12226 (java.lang.ClassNotFoundException: net/minecraft/class_12225$class_12226)
[19:49:35] [main/WARN]: @Mixin target net.minecraft.class_12225$class_12226 was not found owo.mixins.json:braid.ClickableStyleFinderAccessor from mod owo
[19:49:35] [main/WARN]: Error loading class: net/minecraft/class_1921 (java.lang.ClassNotFoundException: net/minecraft/class_1921)
[19:49:35] [main/WARN]: @Mixin target net.minecraft.class_1921 was not found owo.mixins.json:braid.RenderTypeInvoker from mod owo
[19:49:35] [main/WARN]: Error loading class: xyz/nucleoid/server/translations/impl/language/LanguageReader (java.lang.ClassNotFoundException: xyz/nucleoid/server/translations/impl/language/LanguageReader)
[19:49:35] [main/WARN]: @Mixin target xyz.nucleoid.server.translations.impl.language.LanguageReader was not found owo.mixins.json:extension.json5.LanguageReaderMixin from mod owo
[19:49:35] [main/WARN]: Error loading class: xyz/nucleoid/server/translations/impl/language/SystemDelegatedLanguage (java.lang.ClassNotFoundException: xyz/nucleoid/server/translations/impl/language/SystemDelegatedLanguage)
[19:49:35] [main/WARN]: Error loading class: com/wildfire/render/GenderArmorLayer (java.lang.ClassNotFoundException: com/wildfire/render/GenderArmorLayer)
[19:49:35] [main/INFO]: Initializing MixinExtras via com.llamalad7.mixinextras.service.MixinExtrasServiceImpl(version=0.5.4).
[19:49:45] [main/WARN]: Method overwrite conflict for scheduleRandomTick in ohthetreesyoullgrow.mixins.json:chunk.MixinChunkAccess from mod ohthetreesyoullgrow, previously written by corgitaco.corgilib.mixin.chunk.MixinChunkAccess. Skipping method.
[19:49:45] [main/WARN]: Method overwrite conflict for getScheduledRandomTicks in ohthetreesyoullgrow.mixins.json:chunk.MixinChunkAccess from mod ohthetreesyoullgrow, previously written by corgitaco.corgilib.mixin.chunk.MixinChunkAccess. Skipping method.
[19:49:50] [main/INFO]: Initializing network...
[19:49:50] [main/INFO]: Initialized network!
[19:49:50] [main/INFO]: Registering Oh The Biomes We've Gone data components
[19:49:51] [main/INFO]: Registering Oh The Biomes We've Gone items
[19:49:51] [main/INFO]: Registering Oh The Biomes We've Gone Blocks
[19:49:51] [main/INFO]: Registering Oh The Biomes We've Gone Wood
[19:49:51] [main/INFO]: Registering Oh The Biomes We've Gone Block Entities
[19:49:51] [main/INFO]: Registering Oh The Biomes We've Gone Entities
[19:49:51] [main/INFO]: Registering Oh The Biomes We've Gone Creative Tabs
[19:49:51] [main/INFO]: Registering Oh The Biomes We've Gone Sounds
[19:49:51] [main/INFO]: Registering Oh The Biomes We've Gone Block Predicate
[19:49:51] [main/INFO]: Registering Oh The Biomes We've Gone State Providers
[19:49:51] [main/INFO]: Registering Oh The Biomes We've Gone Tree Decorators
[19:49:51] [main/INFO]: Registering Oh The Biomes We've Gone Custom Features
[19:49:51] [main/INFO]: Registering Oh The Biomes We've Gone Structure Pieces
[19:49:51] [main/INFO]: Registering Oh The Biomes We've Gone Custom Structure Types
[19:49:51] [main/INFO]: Registering Oh The Biomes We've Gone Configured Features
[19:49:51] [main/INFO]: Creating and Registering Overworld Vegetation Configured Features
[19:49:51] [main/INFO]: Registering Oh The Biomes We've Gone Tree Configured Features
[19:49:51] [main/INFO]: Creating and Registering Vanilla Configured Features
[19:49:51] [main/INFO]: Registering Oh The Biomes You'll Go Overworld Configured Features
[19:49:52] [main/INFO]: Registering Oh The Biomes We've Gone Placed Features
[19:49:52] [main/INFO]: Creating and Registering Overworld Tree Placed Features
[19:49:52] [main/INFO]: Creating and Registering Overworld Vegetation Placed Features
[19:49:52] [main/INFO]: Creating and Registering Vanilla Placed Features
[19:49:52] [main/INFO]: Registering Oh The Biomes We've Gone Custom Surface Rules
[19:49:52] [main/INFO]: Registering Oh The Biomes We've Gone Template Pools
[19:49:52] [main/INFO]: Registering Oh The Biome's We've Gone Village Template Pools
[19:49:52] [main/INFO]: Registering Oh The Biomes We've Gone Poi Types
[19:49:52] [main/INFO]: Registering Oh The Biomes We've Gone Villager Professions
[19:49:52] [main/INFO]: Registering Oh The Biomes We've Gone Custom Structure Processors
[19:49:52] [main/INFO]: Registering Oh The Biomes We've Gone villager types
[19:49:52] [main/INFO]: Registering Biomes We've Gone Environment Attributes
[19:49:52] [main/INFO]: Registering Oh The Biomes We've Gone Timelines
[19:49:52] [main/INFO]: Registering Oh The Biomes We've Gone Memory Module Types
[19:49:52] [main/INFO]: Registering Oh The Biomes We've Gone Sensor Types
[19:49:52] [main/INFO]: Registering Oh The Biomes We've Gone Map Decoration Types
[19:49:52] [main/INFO]: Creating and Registering BWG Biome Modifiers for Vanilla Biomes
[19:49:52] [main/INFO]: Will add Flower Patch, Clover Patch, Blue Rose Bush and Blue Berry Bushes to 
[19:49:52] [main/INFO]: Will add Flower Patch, Clover Patch, White Anemone, Pink Anemone, Orange Daisy, Horseweed and rose to 
[19:49:52] [main/INFO]: Will add Palm Trees to 
[19:49:52] [main/INFO]: Will add Green/Cyan/Magenta/Purple/Yellow Tulips, Rose, Orange Daisy, Flower and Clover Patches to 
[19:49:52] [main/INFO]: Will add Flower Patch, Clover Patch, White Anemone, Pink Anemone, Orange Daisy, Horseweed and rose to 
[19:49:52] [main/INFO]: Creating and Registering BWG Biome Modifiers for Vanilla Biomes
[19:49:52] [main/INFO]: Will add Flower Patch, Clover Patch, Blue Rose Bush and Blue Berry Bushes to 
[19:49:52] [main/INFO]: Will add Palm Trees to 
[19:49:52] [main/INFO]: Will add Flower Patch, Clover Patch, White Anemone, Pink Anemone, Orange Daisy, Horseweed and rose to 
[19:49:52] [main/INFO]: Will add Flower Patch, Clover Patch, White Anemone, Pink Anemone, Orange Daisy, Horseweed and rose to 
[19:49:52] [main/INFO]: Will add Palm Trees to 
[19:49:52] [main/INFO]: Will add Green/Cyan/Magenta/Purple/Yellow Tulips, Rose, Orange Daisy, Flower and Clover Patches to 
[19:49:52] [main/INFO]: Will add Flower Patch, Clover Patch, White Anemone, Pink Anemone, Orange Daisy, Horseweed and rose to 
[19:49:52] [main/INFO]: Will add Green/Cyan/Magenta/Purple/Yellow Tulips, Rose, Orange Daisy, Flower and Clover Patches to 
[19:49:52] [main/INFO]: Will add Flower Patch, Clover Patch, White Anemone, Pink Anemone, Orange Daisy, Horseweed and rose to 
[19:49:52] [main/INFO]: Will add Flower Patch, Clover Patch, Blue Rose Bush and Blue Berry Bushes to 
[19:49:52] [main/INFO]: Loading Collective version 8.32.
[19:49:53] [main/INFO]: [Dynamic Lights] MidnightLib detected!
[19:49:53] [main/INFO]: [Dynamic Lights] Registering server started event ...
[19:49:53] [main/INFO]: [Dynamic Lights] Loaded Dynamic Lights by Tschipcraft successfully!
[19:49:55] [main/INFO]: Constructing components for limitlesscontainers:common
[19:49:58] [main/INFO]: Constructing components for netherchested:common
[19:49:58] [main/INFO]: :ctft: literally infinite and counting
[19:49:58] [main/INFO]: [Ping-Wheel] Init
[19:49:58] [main/INFO]: [Ping-Wheel] Loaded ServerConfig(defaultChannelMode=auto, playerTrackingEnabled=true, msToRegenerate=1000, rateLimit=5)
[19:49:58] [main/INFO]: Constructing components for puzzleslib:common
[19:49:58] [main/INFO]: Registering C2S receiver with id quickskin:upload_texture
[19:49:58] [main/INFO]: Registering C2S receiver with id quickskin:update_appearance
[19:49:58] [main/INFO]: Registering C2S receiver with id quickskin:request_texture
[19:49:58] [main/INFO]: Registering C2S receiver with id quickskin:texture_chunk
[19:49:58] [main/INFO]: Registering C2S receiver with id quickskin:upload_animation_metadata
[19:49:58] [main/INFO]: Registering C2S receiver with id quickskin:update_server_config
[19:49:59] [main/INFO]: [33;1m[[32;22mSkinsRestorer[33;1m] [0;39m[32;1mRunning on Minecraft [33;1m1.21.11[32;1m.[0;39m
[19:50:01] [main/INFO]: [Spawn Animations] MidnightLib detected!
[19:50:01] [main/INFO]: [Spawn Animations] Registering server started event ...
[19:50:01] [main/INFO]: [Spawn Animations] Loaded Spawn Animations by Tschipcraft successfully!
[19:50:01] [main/INFO]: Registered region minecraft:overworld to index 0 for type OVERWORLD
[19:50:01] [main/INFO]: Registered region minecraft:nether to index 0 for type NETHER
[19:50:01] [main/INFO]: Registered region biomesoplenty:overworld_primary to index 1 for type OVERWORLD
[19:50:01] [main/INFO]: Registered region biomesoplenty:overworld_secondary to index 2 for type OVERWORLD
[19:50:01] [main/INFO]: Registered region biomesoplenty:overworld_rare to index 3 for type OVERWORLD
[19:50:01] [main/INFO]: Registered region biomesoplenty:nether_common to index 1 for type NETHER
[19:50:01] [main/INFO]: Registered region biomesoplenty:nether_rare to index 2 for type NETHER
[19:50:01] [main/INFO]: Registered region biomeswevegone:region_0 to index 4 for type OVERWORLD
[19:50:01] [main/INFO]: Registered region biomeswevegone:region_1 to index 5 for type OVERWORLD
[19:50:01] [main/INFO]: Registered region biomeswevegone:region_2 to index 6 for type OVERWORLD
[19:50:01] [SkinsRestorer-Async/INFO]: [33;1m[[32;22mSkinsRestorer[33;1m] [0;39m[32;1m----------------------------------------------[0;39m
[19:50:01] [SkinsRestorer-Async/INFO]: [33;1m[[32;22mSkinsRestorer[33;1m] [0;39m[32;1m    +==================+[0;39m
[19:50:01] [SkinsRestorer-Async/INFO]: [33;1m[[32;22mSkinsRestorer[33;1m] [0;39m[32;1m    |   SkinsRestorer  |[0;39m
[19:50:01] [SkinsRestorer-Async/INFO]: [33;1m[[32;22mSkinsRestorer[33;1m] [0;39m[32;1m    |------------------|[0;39m
[19:50:01] [SkinsRestorer-Async/INFO]: [33;1m[[32;22mSkinsRestorer[33;1m] [0;39m[32;1m    |  [34;1m[4m[21mStandalone Mode[0;39m[32;1m |[0;39m
[19:50:01] [SkinsRestorer-Async/INFO]: [33;1m[[32;22mSkinsRestorer[33;1m] [0;39m[32;1m    +==================+[0;39m
[19:50:01] [SkinsRestorer-Async/INFO]: [33;1m[[32;22mSkinsRestorer[33;1m] [0;39m[32;1m----------------------------------------------[0;39m
[19:50:01] [SkinsRestorer-Async/INFO]: [33;1m[[32;22mSkinsRestorer[33;1m] [0;39m[36;1m    Version: [31;1m15.11.0[0;39m
[19:50:01] [SkinsRestorer-Async/INFO]: [33;1m[[32;22mSkinsRestorer[33;1m] [0;39m[36;1m    Commit: [31;1m52f31ab[0;39m
[19:50:01] [SkinsRestorer-Async/INFO]: [33;1m[[32;22mSkinsRestorer[33;1m] [0;39m[36;1m    A new version ([32;1m15.12.4[36;1m) is available![0;39m
[19:50:01] [SkinsRestorer-Async/INFO]: [33;1m[[32;22mSkinsRestorer[33;1m] [0;39m[33;1m    https://modrinth.com/plugin/skinsrestorer/version/15.12.4[0;39m
[19:50:01] [SkinsRestorer-Async/INFO]: [33;1m[[32;22mSkinsRestorer[33;1m] [0;39m[32;1m----------------------------------------------[0;39m
[19:50:01] [SkinsRestorer-Async/INFO]: [33;1m[[32;22mSkinsRestorer[33;1m] [0;39m[34;1mDo you have issues? Read our troubleshooting guide: [33;1mhttps://skinsrestorer.net/docs/troubleshooting[0;39m
[19:50:01] [SkinsRestorer-Async/INFO]: [33;1m[[32;22mSkinsRestorer[33;1m] [0;39m[34;1mWant to support SkinsRestorer? Consider donating: [33;1mhttps://skinsrestorer.net/donate[0;39m
[19:50:02] [main/INFO]: Registered the FluidEffect with Unique ID of minecraft:water for Water (Fluid Amount Required: 81000) with the ID 0
[19:50:02] [main/INFO]: Registered the FluidEffect with Unique ID of minecraft:lava for Lava (Fluid Amount Required: 81000) with the ID 1
[19:50:02] [main/INFO]: Registered the FluidEffect with Unique ID of travelersbackpack:potion for block.travelersbackpack.potion_still (Fluid Amount Required: 27000) with the ID 2
[19:50:02] [main/INFO]: Registered the FluidEffect with Unique ID of minecraft:milk for Air (Fluid Amount Required: 81000) with the ID 3
[19:50:02] [main/INFO]: Constructing components for visualworkbench:common
[19:50:02] [main/INFO]: [STDOUT]: Initialize WeaponMaster
[19:50:02] [main/INFO]: Registering common data for channel xaerolib:main!
[19:50:02] [main/INFO]: Loading primary common config for channel xaerolib:main!
[19:50:02] [main/INFO]: Loading server config profiles for channel xaerolib:main!
[19:50:02] [main/INFO]: Loading XaeroLib common 1/2!
[19:50:02] [main/INFO]: Loading XaeroLib server 1/2!
[19:50:02] [main/INFO]: Registering common data for channel xaerominimap:main!
[19:50:02] [main/INFO]: Loading primary common config for channel xaerominimap:main!
[19:50:02] [main/INFO]: Loading server config profiles for channel xaerominimap:main!
[19:50:02] [main/INFO]: Loading Xaero's Minimap - Stage 1/2 (Server)
[19:50:02] [main/INFO]: Registering common data for channel xaeroworldmap:main!
[19:50:02] [main/INFO]: Loading primary common config for channel xaeroworldmap:main!
[19:50:02] [main/INFO]: Loading server config profiles for channel xaeroworldmap:main!
[19:50:02] [main/INFO]: Loading Xaero's World Map - Stage 1/2 (Server)
[19:50:03] [main/INFO]: Environment: Environment[sessionHost=https://sessionserver.mojang.com, servicesHost=https://api.minecraftservices.com, profilesHost=https://api.mojang.com, name=PROD]
[19:50:03] [main/INFO]: Loading painting packs
[19:50:03] [main/INFO]: Unable to locate packs directory, skipping
[19:50:08] [Worker-Main-1/ERROR]: Couldn't parse data file 'formationsoverworld:stone_tower/smithing' from 'formationsoverworld:loot_table/stone_tower/smithing.json': DataResult.Error['Unknown registry key in ResourceKey[minecraft:root / minecraft:item]: minecraft:chain': net.minecraft.class_52@2b16867f]
[19:50:08] [Worker-Main-1/ERROR]: Couldn't parse data file 'formationsoverworld:witch_tower/smithing' from 'formationsoverworld:loot_table/witch_tower/smithing.json': DataResult.Error['Unknown registry key in ResourceKey[minecraft:root / minecraft:item]: minecraft:chain': net.minecraft.class_52@6d7b5774]
[19:50:12] [main/INFO]: Loaded 5627 recipes
[19:50:12] [main/INFO]: Loaded 3434 advancements
[19:50:13] [main/INFO]: Initialized TerraBlender biomes for level stem minecraft:the_nether
[19:50:15] [main/INFO]: Initialized TerraBlender biomes for level stem minecraft:overworld
[19:50:15] [main/INFO]: Applied 113 biome modifications to 63 of 200 new biomes in 28.69 ms
[19:50:15] [Server thread/INFO]: Dispatching loading event for config netherchested-server.toml
[19:50:15] [Server thread/INFO]: Dispatching loading event for config visualworkbench-server.toml
[19:50:15] [Server thread/INFO]: Encoded Weapon Attribute registry size (with package overhead): 2587 bytes (in 1 string chunks with the size of 10000)
[19:50:15] [Server thread/INFO]: Loading XaeroLib common 2/2!
[19:50:15] [Server thread/INFO]: Loading XaeroLib server 2/2!
[19:50:15] [Server thread/INFO]: Starting minecraft server version 1.21.11
[19:50:15] [Server thread/INFO]: Loading properties
[19:50:15] [Server thread/INFO]: Default game type: SURVIVAL
[19:50:15] [Server thread/INFO]: Generating keypair
[19:50:15] [Server thread/INFO]: Starting Minecraft server on *:25565
[19:50:15] [Server thread/WARN]: **** SERVER IS RUNNING IN OFFLINE/INSECURE MODE!
[19:50:15] [Server thread/WARN]: The server will make no attempt to authenticate usernames. Beware.
[19:50:15] [Server thread/WARN]: While this makes the game possible to play without internet access, it also opens up the ability for hackers to connect with any username they choose.
[19:50:15] [Server thread/WARN]: To change this, set "online-mode" to "true" in the server.properties file.
[19:50:15] [Server thread/INFO]: Preparing level "world"
[19:50:18] [Server thread/INFO]: Loading 25 persistent chunks...
[19:50:18] [Server thread/INFO]: Preparing spawn area: 28%
[19:50:18] [Server thread/INFO]: Preparing spawn area: 28%
[19:50:19] [Server thread/INFO]: Preparing spawn area: 28%
[19:50:19] [Server thread/INFO]: Preparing spawn area: 28%
[19:50:20] [Server thread/INFO]: Preparing spawn area: 28%
[19:50:20] [Server thread/INFO]: Preparing spawn area: 28%
[19:50:21] [Server thread/INFO]: Preparing spawn area: 28%
[19:50:21] [Server thread/INFO]: Preparing spawn area: 28%
[19:50:22] [Server thread/INFO]: Preparing spawn area: 28%
[19:50:22] [Server thread/INFO]: Preparing spawn area: 28%
[19:50:23] [Server thread/INFO]: Preparing spawn area: 28%
[19:50:23] [Server thread/INFO]: Preparing spawn area: 28%
[19:50:24] [Server thread/INFO]: Preparing spawn area: 28%
[19:50:24] [Server thread/INFO]: Preparing spawn area: 28%
[19:50:25] [Server thread/INFO]: Preparing spawn area: 28%
[19:50:25] [Server thread/INFO]: Preparing spawn area: 28%
[19:50:26] [Server thread/INFO]: Preparing spawn area: 28%
[19:50:26] [Server thread/INFO]: Preparing spawn area: 28%
[19:50:27] [Server thread/INFO]: Preparing spawn area: 28%
[19:50:27] [Server thread/INFO]: Preparing spawn area: 28%
[19:50:28] [Server thread/INFO]: Preparing spawn area: 28%
[19:50:28] [Server thread/INFO]: Preparing spawn area: 28%
[19:50:29] [Server thread/INFO]: Preparing spawn area: 28%
[19:50:29] [Server thread/INFO]: Preparing spawn area: 28%
[19:50:30] [Server thread/INFO]: Preparing spawn area: 28%
[19:50:30] [Server thread/INFO]: Preparing spawn area: 28%
[19:50:31] [Server thread/INFO]: Preparing spawn area: 28%
[19:50:31] [Server thread/INFO]: Preparing spawn area: 28%
[19:50:32] [Server thread/INFO]: Preparing spawn area: 28%
[19:50:32] [Server thread/INFO]: Preparing spawn area: 28%
[19:50:33] [Server thread/INFO]: Preparing spawn area: 28%
[19:50:33] [Server thread/INFO]: Preparing spawn area: 28%
[19:50:34] [Server thread/INFO]: Preparing spawn area: 28%
[19:50:34] [Server thread/INFO]: Preparing spawn area: 28%
[19:50:35] [Server thread/INFO]: Preparing spawn area: 28%
[19:50:35] [Server thread/INFO]: Preparing spawn area: 28%
[19:50:36] [Server thread/INFO]: Preparing spawn area: 28%
[19:50:36] [Server thread/INFO]: Preparing spawn area: 28%
[19:50:37] [Server thread/INFO]: Preparing spawn area: 28%
[19:50:37] [Server thread/INFO]: Preparing spawn area: 28%
[19:50:38] [Server thread/INFO]: Preparing spawn area: 28%
[19:50:38] [Server thread/INFO]: Preparing spawn area: 28%
[19:50:39] [Server thread/INFO]: Preparing spawn area: 28%
[19:50:39] [Server thread/INFO]: Preparing spawn area: 28%
[19:50:40] [Server thread/INFO]: Preparing spawn area: 28%
[19:50:40] [Server thread/INFO]: Preparing spawn area: 28%
[19:50:41] [Server thread/INFO]: Preparing spawn area: 28%
[19:50:41] [Server thread/INFO]: Preparing spawn area: 28%
[19:50:42] [Server thread/INFO]: Preparing spawn area: 28%
[19:50:42] [Server thread/INFO]: Preparing spawn area: 28%
[19:50:42] [Server thread/INFO]: Time elapsed: 24545 ms
[19:50:42] [Server thread/INFO]: Done (26.864s)! For help, type "help"
[19:50:42] [Server thread/INFO]: [Dynamic Lights] Sending global config to world ...
[19:50:42] [Server thread/INFO]: [Spawn Animations] Sending global config to world ...
[19:50:42] [Server thread/INFO]: Loading Xaero's Minimap - Stage 2/2 (Server)
[19:50:42] [Server thread/INFO]: Loading Xaero's World Map - Stage 2/2 (Server)
[19:50:52] [SkinRestorer-Fetch-1/WARN]: Failed to fetch skin 'mojang:Felxnord'
java.lang.IllegalStateException: not found
	at knot//net.lionarius.skinrestorer.util.WebUtils.throwOnClientErrors(WebUtils.java:141)
	at knot//net.lionarius.skinrestorer.skin.provider.base.YggdrasilSkinProvider.getProfile(YggdrasilSkinProvider.java:52)
	at knot//net.lionarius.skinrestorer.skin.provider.builtin.MojangSkinProvider.access$100(MojangSkinProvider.java:19)
	at knot//net.lionarius.skinrestorer.skin.provider.builtin.MojangSkinProvider$1.findProfileByName(MojangSkinProvider.java:58)
	at knot//net.minecraft.class_3312.method_14509(class_3312.java:75)
	at knot//net.minecraft.class_3312.method_14515(class_3312.java:136)
	at knot//net.lionarius.skinrestorer.skin.provider.builtin.MojangSkinProvider.resolveUuid(MojangSkinProvider.java:89)
	at knot//net.lionarius.skinrestorer.skin.provider.base.ProfileSkinProvider.getCacheKey(ProfileSkinProvider.java:63)
	at knot//net.lionarius.skinrestorer.skin.provider.base.ProfileSkinProvider.getCacheKey(ProfileSkinProvider.java:19)
	at knot//net.lionarius.skinrestorer.skin.provider.base.AbstractSkinProvider.fetchSkin(AbstractSkinProvider.java:52)
	at knot//net.minecraft.class_3248.mdce6608$skinrestorer$lambda$skinrestorer$fetchSkin$3$1(class_3248.java:2141)
	at java.base/java.util.Optional.map(Optional.java:260)
	at knot//net.minecraft.class_3248.skinrestorer$fetchSkin(class_3248.java:2141)
	at knot//net.minecraft.class_3248.mdce6608$skinrestorer$lambda$waitForSkin$0$4(class_3248.java:2097)
	at java.base/java.util.concurrent.CompletableFuture$AsyncSupply.run(CompletableFuture.java:1768)
	at java.base/java.util.concurrent.ThreadPoolExecutor.runWorker(ThreadPoolExecutor.java:1144)
	at java.base/java.util.concurrent.ThreadPoolExecutor$Worker.run(ThreadPoolExecutor.java:642)
	at java.base/java.lang.Thread.run(Thread.java:1583)
[19:51:05] [Server thread/INFO]: CrisToof[/127.59.247.39:39861] logged in with entity id 142 at (-1045.4645601202203, 63.0, -1307.1378560926225)
[19:51:05] [Server thread/INFO]: CrisToof joined the game
[19:51:06] [Server thread/INFO]: Channel update: CrisToof -> default
[19:51:07] [Server thread/WARN]: Can't keep up! Is the server overloaded? Running 2167ms or 43 ticks behind
[19:51:12] [Server thread/INFO]: Felxnord[/127.25.54.94:36219] logged in with entity id 249 at (-1661.7641828182834, 64.0, -934.0016111219959)
[19:51:12] [Server thread/INFO]: Felxnord joined the game
[19:51:14] [Server thread/INFO]: Channel update: Felxnord -> default
[19:51:37] [Server thread/WARN]: Can't keep up! Is the server overloaded? Running 15608ms or 312 ticks behind
